<?xml version="1.0" encoding="UTF-8"?>
<testng-results ignored="0" total="1" passed="1" failed="0" skipped="0">
  <reporter-output>
  </reporter-output>
  <suite started-at="2022-05-12T15:26:35 IST" name="Suite" finished-at="2022-05-12T15:26:42 IST" duration-ms="6623">
    <groups>
    </groups>
    <test started-at="2022-05-12T15:26:35 IST" name="Test" finished-at="2022-05-12T15:26:42 IST" duration-ms="6623">
      <class name="testCases.TC_001_WriteToNotepadTest">
        <test-method is-config="true" signature="setup()[pri:0, instance:testCases.TC_001_WriteToNotepadTest@7134b8a7]" started-at="2022-05-12T15:26:36 IST" name="setup" finished-at="2022-05-12T15:26:36 IST" duration-ms="159" status="PASS">
          <reporter-output>
          </reporter-output>
        </test-method> <!-- setup -->
        <test-method signature="tc_001_runner(java.lang.String,java.lang.String,java.lang.String,java.lang.String,java.lang.String)[pri:0, instance:testCases.TC_001_WriteToNotepadTest@7134b8a7]" started-at="2022-05-12T15:26:36 IST" name="tc_001_runner" data-provider="tc001_step1_dp" finished-at="2022-05-12T15:26:42 IST" duration-ms="6003" status="PASS">
          <params>
            <param index="0">
              <value>
                <![CDATA[***** Title: AUTO IT Demo *****]]>
              </value>
            </param>
            <param index="1">
              <value>
                <![CDATA[___________This is bodyline 1__________]]>
              </value>
            </param>
            <param index="2">
              <value>
                <![CDATA[___________This is bodyline 2__________]]>
              </value>
            </param>
            <param index="3">
              <value>
                <![CDATA[___________This is bodyline 3__________]]>
              </value>
            </param>
            <param index="4">
              <value>
                <![CDATA[***** THE END *****]]>
              </value>
            </param>
          </params>
          <reporter-output>
          </reporter-output>
        </test-method> <!-- tc_001_runner -->
        <test-method is-config="true" signature="tearDown()[pri:0, instance:testCases.TC_001_WriteToNotepadTest@7134b8a7]" started-at="2022-05-12T15:26:42 IST" name="tearDown" finished-at="2022-05-12T15:26:42 IST" duration-ms="6" status="PASS">
          <reporter-output>
          </reporter-output>
        </test-method> <!-- tearDown -->
      </class> <!-- testCases.TC_001_WriteToNotepadTest -->
    </test> <!-- Test -->
  </suite> <!-- Suite -->
</testng-results>
